Using pre-set license
Built from '2021.1/staging' branch; Version is '2021.1.5f1 (3737af19df53) revision 3618735'; Using compiler version '192528614'; Build Type 'Release'
OS: 'Windows 10 Education; OS build 19042.1052; Version 2009; 64bit' Language: 'en' Physical Memory: 16304 MB
BatchMode: 1, IsHumanControllingUs: 0, StartBugReporterOnCrash: 0, Is64bit: 1, IsPro: 0

 COMMAND LINE ARGUMENTS:
C:\Program Files\Unity\Hub\Editor\2021.1.5f1\Editor\Unity.exe
-adb2
-batchMode
-noUpm
-name
AssetImportWorker0
-projectPath
F:/chan/skripsi/AR
-logFile
Logs/AssetImportWorker0.log
-srvPort
56064
Successfully changed project path to: F:/chan/skripsi/AR
F:/chan/skripsi/AR
Using Asset Import Pipeline V2.
Refreshing native plugins compatible for Editor in 70.01 ms, found 1 plugins.
Preloading 0 native plugins for Editor in 0.00 ms.
Initialize engine version: 2021.1.5f1 (3737af19df53)
[Subsystems] Discovering subsystems at path C:/Program Files/Unity/Hub/Editor/2021.1.5f1/Editor/Data/Resources/UnitySubsystems
[Subsystems] Discovering subsystems at path F:/chan/skripsi/AR/Assets
GfxDevice: creating device client; threaded=0; jobified=0
Direct3D:
    Version:  Direct3D 11.0 [level 11.1]
    Renderer: NVIDIA GeForce GTX 1070 Ti (ID=0x1b82)
    Vendor:   NVIDIA
    VRAM:     8079 MB
    Driver:   27.21.14.6627
Initialize mono
Mono path[0] = 'C:/Program Files/Unity/Hub/Editor/2021.1.5f1/Editor/Data/Managed'
Mono path[1] = 'C:/Program Files/Unity/Hub/Editor/2021.1.5f1/Editor/Data/MonoBleedingEdge/lib/mono/unityjit'
Mono config path = 'C:/Program Files/Unity/Hub/Editor/2021.1.5f1/Editor/Data/MonoBleedingEdge/etc'
Using monoOptions --debugger-agent=transport=dt_socket,embedding=1,server=y,suspend=n,address=127.0.0.1:56816
Begin MonoManager ReloadAssembly
Registering precompiled unity dll's ...
Register platform support module: C:/Program Files/Unity/Hub/Editor/2021.1.5f1/Editor/Data/PlaybackEngines/WebGLSupport/UnityEditor.WebGL.Extensions.dll
Register platform support module: C:/Program Files/Unity/Hub/Editor/2021.1.5f1/Editor/Data/PlaybackEngines/WindowsStandaloneSupport/UnityEditor.WindowsStandalone.Extensions.dll
Registered in 0.001717 seconds.
Native extension for WindowsStandalone target not found
Native extension for WebGL target not found
Refreshing native plugins compatible for Editor in 95.48 ms, found 1 plugins.
Preloading 0 native plugins for Editor in 0.00 ms.
Mono: successfully reloaded assembly
- Completed reload, in  1.499 seconds
Platform modules already initialized, skipping
Registering precompiled user dll's ...
Registered in 0.002437 seconds.
Begin MonoManager ReloadAssembly
Native extension for WindowsStandalone target not found
Native extension for WebGL target not found
Refreshing native plugins compatible for Editor in 0.52 ms, found 1 plugins.
Preloading 0 native plugins for Editor in 0.00 ms.
Mono: successfully reloaded assembly
- Completed reload, in  0.866 seconds
Platform modules already initialized, skipping
========================================================================
Worker process is ready to serve import requests
Launched and connected shader compiler UnityShaderCompiler.exe after 0.03 seconds
Refreshing native plugins compatible for Editor in 0.50 ms, found 1 plugins.
Preloading 0 native plugins for Editor in 0.00 ms.
Unloading 3028 Unused Serialized files (Serialized files now loaded: 0)
System memory in use before: 110.6 MB.
System memory in use after: 110.8 MB.

Unloading 17 unused Assets to reduce memory usage. Loaded Objects now: 3490.
Total: 1.901800 ms (FindLiveObjects: 0.215600 ms CreateObjectMapping: 0.124000 ms MarkObjects: 1.500500 ms  DeleteObjects: 0.060900 ms)

========================================================================
Received Import Request.
  path: Assets/ButtonTemplate.png
  artifactKey: Guid(dea0cad804029c149bfe6029b40a137a) Importer(815301076,1909f56bfc062723c751e8b465ee728b)
Start importing Assets/ButtonTemplate.png using Guid(dea0cad804029c149bfe6029b40a137a) Importer(815301076,1909f56bfc062723c751e8b465ee728b)  -> (artifact id: 'b4e7598d1ef532018db536bf6362908e') in 0.084912 seconds 
========================================================================
Received Import Request.
  Time since last request: 10.437754 seconds.
  path: Assets/ButtonTemplate.png
  artifactKey: Guid(dea0cad804029c149bfe6029b40a137a) Importer(815301076,1909f56bfc062723c751e8b465ee728b)
Start importing Assets/ButtonTemplate.png using Guid(dea0cad804029c149bfe6029b40a137a) Importer(815301076,1909f56bfc062723c751e8b465ee728b)  -> (artifact id: 'a69448bb2d35dbaefa345aaec1df651b') in 0.042624 seconds 
========================================================================
Received Import Request.
  Time since last request: 6.018863 seconds.
  path: Assets/Scenes/MainMenu.unity
  artifactKey: Guid(ff7c4e4a1eeac0442b7caf51774e70ca) Importer(815301076,1909f56bfc062723c751e8b465ee728b)
Start importing Assets/Scenes/MainMenu.unity using Guid(ff7c4e4a1eeac0442b7caf51774e70ca) Importer(815301076,1909f56bfc062723c751e8b465ee728b)  -> (artifact id: '52b3d7253ffa82bd132f5c656687ccbc') in 0.022709 seconds 
========================================================================
Received Import Request.
  Time since last request: 6631.101293 seconds.
  path: Assets/Scenes/Gameplay.unity
  artifactKey: Guid(9fc0d4010bbf28b4594072e72b8655ab) Importer(815301076,1909f56bfc062723c751e8b465ee728b)
Start importing Assets/Scenes/Gameplay.unity using Guid(9fc0d4010bbf28b4594072e72b8655ab) Importer(815301076,1909f56bfc062723c751e8b465ee728b)  -> (artifact id: '1c7021eb2766d52eed221c7394c5670c') in 0.042503 seconds 
========================================================================
Received Import Request.
  Time since last request: 0.618957 seconds.
  path: Assets/Scenes/MainMenu.unity
  artifactKey: Guid(ff7c4e4a1eeac0442b7caf51774e70ca) Importer(815301076,1909f56bfc062723c751e8b465ee728b)
Start importing Assets/Scenes/MainMenu.unity using Guid(ff7c4e4a1eeac0442b7caf51774e70ca) Importer(815301076,1909f56bfc062723c751e8b465ee728b)  -> (artifact id: 'eba16747324b47b05d88335b964b084a') in 0.007541 seconds 
========================================================================
Received Prepare
Registering precompiled user dll's ...
Registered in 0.002342 seconds.
Begin MonoManager ReloadAssembly
Native extension for WindowsStandalone target not found
Native extension for WebGL target not found
Refreshing native plugins compatible for Editor in 0.51 ms, found 1 plugins.
Preloading 0 native plugins for Editor in 0.00 ms.
Mono: successfully reloaded assembly
- Completed reload, in  0.921 seconds
Platform modules already initialized, skipping
Switching build target platform(19) subTarget(0) extendedPlatform(0) -> platform(13) subTarget(524288) extendedPlatform(0)
Refreshing native plugins compatible for Editor in 0.50 ms, found 1 plugins.
Preloading 0 native plugins for Editor in 0.00 ms.
Unloading 3022 Unused Serialized files (Serialized files now loaded: 0)
System memory in use before: 115.1 MB.
System memory in use after: 115.4 MB.

Unloading 12 unused Assets to reduce memory usage. Loaded Objects now: 3530.
Total: 1.917400 ms (FindLiveObjects: 0.206900 ms CreateObjectMapping: 0.110800 ms MarkObjects: 1.563500 ms  DeleteObjects: 0.035400 ms)

AssetImportParameters requested are different than current active one (requested -> active):
  custom:graphics/normal-map-encoding: 01000000000000000000000000000000 -> 02000000000000000000000000000000
AssetImportWorkerClient::OnTransportError - code=2 error=End of file
